<?xml version="1.0" encoding="UTF-8"?>
<coverage generated="1786723489794" clover="3.2.0">
  <project timestamp="1786723489794" name="All files">
    <metrics statements="15" coveredstatements="14" conditionals="15" coveredconditionals="14" methods="2" coveredmethods="2" elements="32" coveredelements="30" complexity="0" loc="15" ncloc="15" packages="1" files="3" classes="3"/>
    <file name="compatibilityMatrix.ts" path="C:\Proyecto_Actividad 4\task-manager-testing-lab\Actividad4\src\compatibilityMatrix.ts">
      <metrics statements="6" coveredstatements="6" conditionals="9" coveredconditionals="9" methods="1" coveredmethods="1"/>
      <line num="10" count="2" type="stmt"/>
      <line num="11" count="2" type="stmt"/>
      <line num="14" count="2" type="cond" truecount="4" falsecount="0"/>
      <line num="17" count="2" type="cond" truecount="2" falsecount="0"/>
      <line num="18" count="2" type="stmt"/>
      <line num="20" count="2" type="stmt"/>
    </file>
    <file name="performanceChecks.ts" path="C:\Proyecto_Actividad 4\task-manager-testing-lab\Actividad4\src\performanceChecks.ts">
      <metrics statements="8" coveredstatements="7" conditionals="6" coveredconditionals="5" methods="1" coveredmethods="1"/>
      <line num="8" count="2" type="stmt"/>
      <line num="15" count="2" type="cond" truecount="2" falsecount="0"/>
      <line num="16" count="1" type="stmt"/>
      <line num="19" count="2" type="cond" truecount="2" falsecount="0"/>
      <line num="20" count="1" type="stmt"/>
      <line num="23" count="2" type="cond" truecount="1" falsecount="1"/>
      <line num="24" count="0" type="stmt"/>
      <line num="27" count="2" type="stmt"/>
    </file>
    <file name="taskSchema.ts" path="C:\Proyecto_Actividad 4\task-manager-testing-lab\Actividad4\src\taskSchema.ts">
      <metrics statements="1" coveredstatements="1" conditionals="0" coveredconditionals="0" methods="0" coveredmethods="0"/>
      <line num="3" count="1" type="stmt"/>
    </file>
  </project>
</coverage>
