{"C:\\Proyecto_Actividad 4\\task-manager-testing-lab\\Actividad4\\src\\compatibilityMatrix.ts": {"path":"C:\\Proyecto_Actividad 4\\task-manager-testing-lab\\Actividad4\\src\\compatibilityMatrix.ts","statementMap":{"0":{"start":{"line":10,"column":31},"end":{"line":10,"column":55}},"1":{"start":{"line":11,"column":35},"end":{"line":11,"column":47}},"2":{"start":{"line":14,"column":4},"end":{"line":15,"column":88}},"3":{"start":{"line":17,"column":32},"end":{"line":17,"column":87}},"4":{"start":{"line":18,"column":29},"end":{"line":18,"column":100}},"5":{"start":{"line":20,"column":2},"end":{"line":25,"column":4}}},"fnMap":{"0":{"name":"validateCompatibility","decl":{"start":{"line":9,"column":16},"end":{"line":9,"column":37}},"loc":{"start":{"line":9,"column":60},"end":{"line":26,"column":1}},"line":9}},"branchMap":{"0":{"loc":{"start":{"line":14,"column":4},"end":{"line":15,"column":88}},"type":"binary-expr","locations":[{"start":{"line":14,"column":5},"end":{"line":14,"column":30}},{"start":{"line":14,"column":34},"end":{"line":14,"column":79}},{"start":{"line":15,"column":5},"end":{"line":15,"column":34}},{"start":{"line":15,"column":38},"end":{"line":15,"column":87}}],"line":14},"1":{"loc":{"start":{"line":17,"column":32},"end":{"line":17,"column":87}},"type":"binary-expr","locations":[{"start":{"line":17,"column":32},"end":{"line":17,"column":57}},{"start":{"line":17,"column":61},"end":{"line":17,"column":87}}],"line":17},"2":{"loc":{"start":{"line":24,"column":18},"end":{"line":24,"column":84}},"type":"binary-expr","locations":[{"start":{"line":24,"column":18},"end":{"line":24,"column":37}},{"start":{"line":24,"column":41},"end":{"line":24,"column":62}},{"start":{"line":24,"column":66},"end":{"line":24,"column":84}}],"line":24}},"s":{"0":2,"1":2,"2":2,"3":2,"4":2,"5":2},"f":{"0":2},"b":{"0":[2,1,1,1],"1":[2,1],"2":[2,1,1]},"_coverageSchema":"1a1c01bbd47fc00a2c39e90264f33305004495a9","hash":"bf4ced1495ed288ed8b0d202f4ac5f00553d4ef8"}
,"C:\\Proyecto_Actividad 4\\task-manager-testing-lab\\Actividad4\\src\\performanceChecks.ts": {"path":"C:\\Proyecto_Actividad 4\\task-manager-testing-lab\\Actividad4\\src\\performanceChecks.ts","statementMap":{"0":{"start":{"line":8,"column":18},"end":{"line":13,"column":3}},"1":{"start":{"line":15,"column":2},"end":{"line":17,"column":3}},"2":{"start":{"line":16,"column":4},"end":{"line":16,"column":84}},"3":{"start":{"line":19,"column":2},"end":{"line":21,"column":3}},"4":{"start":{"line":20,"column":4},"end":{"line":20,"column":77}},"5":{"start":{"line":23,"column":2},"end":{"line":25,"column":3}},"6":{"start":{"line":24,"column":4},"end":{"line":24,"column":63}},"7":{"start":{"line":27,"column":2},"end":{"line":27,"column":17}}},"fnMap":{"0":{"name":"evaluatePerformance","decl":{"start":{"line":7,"column":16},"end":{"line":7,"column":35}},"loc":{"start":{"line":7,"column":65},"end":{"line":28,"column":1}},"line":7}},"branchMap":{"0":{"loc":{"start":{"line":15,"column":2},"end":{"line":17,"column":3}},"type":"if","locations":[{"start":{"line":15,"column":2},"end":{"line":17,"column":3}},{"start":{},"end":{}}],"line":15},"1":{"loc":{"start":{"line":19,"column":2},"end":{"line":21,"column":3}},"type":"if","locations":[{"start":{"line":19,"column":2},"end":{"line":21,"column":3}},{"start":{},"end":{}}],"line":19},"2":{"loc":{"start":{"line":23,"column":2},"end":{"line":25,"column":3}},"type":"if","locations":[{"start":{"line":23,"column":2},"end":{"line":25,"column":3}},{"start":{},"end":{}}],"line":23}},"s":{"0":2,"1":2,"2":1,"3":2,"4":1,"5":2,"6":0,"7":2},"f":{"0":2},"b":{"0":[1,1],"1":[1,1],"2":[0,2]},"_coverageSchema":"1a1c01bbd47fc00a2c39e90264f33305004495a9","hash":"3d9217af2f60af0f7c388369a13997de7f4275d0"}
,"C:\\Proyecto_Actividad 4\\task-manager-testing-lab\\Actividad4\\src\\taskSchema.ts": {"path":"C:\\Proyecto_Actividad 4\\task-manager-testing-lab\\Actividad4\\src\\taskSchema.ts","statementMap":{"0":{"start":{"line":3,"column":26},"end":{"line":9,"column":2}}},"fnMap":{},"branchMap":{},"s":{"0":1},"f":{},"b":{},"_coverageSchema":"1a1c01bbd47fc00a2c39e90264f33305004495a9","hash":"86bdfb56049789c29334553f8d7e07e031e42314"}
}
