TN:
SF:src\compatibilityMatrix.ts
FN:9,validateCompatibility
FNF:1
FNH:1
FNDA:2,validateCompatibility
DA:10,2
DA:11,2
DA:14,2
DA:17,2
DA:18,2
DA:20,2
LF:6
LH:6
BRDA:14,0,0,2
BRDA:14,0,1,1
BRDA:14,0,2,1
BRDA:14,0,3,1
BRDA:17,1,0,2
BRDA:17,1,1,1
BRDA:24,2,0,2
BRDA:24,2,1,1
BRDA:24,2,2,1
BRF:9
BRH:9
end_of_record
TN:
SF:src\performanceChecks.ts
FN:7,evaluatePerformance
FNF:1
FNH:1
FNDA:2,evaluatePerformance
DA:8,2
DA:15,2
DA:16,1
DA:19,2
DA:20,1
DA:23,2
DA:24,0
DA:27,2
LF:8
LH:7
BRDA:15,0,0,1
BRDA:15,0,1,1
BRDA:19,1,0,1
BRDA:19,1,1,1
BRDA:23,2,0,0
BRDA:23,2,1,2
BRF:6
BRH:5
end_of_record
TN:
SF:src\taskSchema.ts
FNF:0
FNH:0
DA:3,1
LF:1
LH:1
BRF:0
BRH:0
end_of_record
