{"total": {"lines":{"total":74,"covered":64,"skipped":0,"pct":86.48},"statements":{"total":91,"covered":77,"skipped":0,"pct":84.61},"functions":{"total":37,"covered":30,"skipped":0,"pct":81.08},"branches":{"total":41,"covered":36,"skipped":0,"pct":87.8},"branchesTrue":{"total":0,"covered":0,"skipped":0,"pct":100}}
,"C:\\Proyecto_Actividad 4\\task-manager-testing-lab\\src\\types.ts": {"lines":{"total":0,"covered":0,"skipped":0,"pct":100},"functions":{"total":0,"covered":0,"skipped":0,"pct":100},"statements":{"total":0,"covered":0,"skipped":0,"pct":100},"branches":{"total":0,"covered":0,"skipped":0,"pct":100}}
,"C:\\Proyecto_Actividad 4\\task-manager-testing-lab\\src\\components\\ConfirmDeleteDialog.tsx": {"lines":{"total":1,"covered":1,"skipped":0,"pct":100},"functions":{"total":1,"covered":1,"skipped":0,"pct":100},"statements":{"total":1,"covered":1,"skipped":0,"pct":100},"branches":{"total":2,"covered":2,"skipped":0,"pct":100}}
,"C:\\Proyecto_Actividad 4\\task-manager-testing-lab\\src\\components\\StatusBadge.tsx": {"lines":{"total":3,"covered":3,"skipped":0,"pct":100},"functions":{"total":1,"covered":1,"skipped":0,"pct":100},"statements":{"total":3,"covered":3,"skipped":0,"pct":100},"branches":{"total":4,"covered":4,"skipped":0,"pct":100}}
,"C:\\Proyecto_Actividad 4\\task-manager-testing-lab\\src\\components\\TaskCard.tsx": {"lines":{"total":3,"covered":3,"skipped":0,"pct":100},"functions":{"total":2,"covered":2,"skipped":0,"pct":100},"statements":{"total":3,"covered":3,"skipped":0,"pct":100},"branches":{"total":4,"covered":4,"skipped":0,"pct":100}}
,"C:\\Proyecto_Actividad 4\\task-manager-testing-lab\\src\\components\\TaskForm.tsx": {"lines":{"total":5,"covered":5,"skipped":0,"pct":100},"functions":{"total":2,"covered":2,"skipped":0,"pct":100},"statements":{"total":6,"covered":6,"skipped":0,"pct":100},"branches":{"total":2,"covered":2,"skipped":0,"pct":100}}
,"C:\\Proyecto_Actividad 4\\task-manager-testing-lab\\src\\components\\TaskList.tsx": {"lines":{"total":5,"covered":5,"skipped":0,"pct":100},"functions":{"total":4,"covered":3,"skipped":0,"pct":75},"statements":{"total":5,"covered":5,"skipped":0,"pct":100},"branches":{"total":5,"covered":5,"skipped":0,"pct":100}}
,"C:\\Proyecto_Actividad 4\\task-manager-testing-lab\\src\\hooks\\useCounter.ts": {"lines":{"total":5,"covered":5,"skipped":0,"pct":100},"functions":{"total":6,"covered":6,"skipped":0,"pct":100},"statements":{"total":10,"covered":10,"skipped":0,"pct":100},"branches":{"total":1,"covered":1,"skipped":0,"pct":100}}
,"C:\\Proyecto_Actividad 4\\task-manager-testing-lab\\src\\hooks\\useCreateTask.ts": {"lines":{"total":12,"covered":10,"skipped":0,"pct":83.33},"functions":{"total":6,"covered":3,"skipped":0,"pct":50},"statements":{"total":15,"covered":11,"skipped":0,"pct":73.33},"branches":{"total":0,"covered":0,"skipped":0,"pct":100}}
,"C:\\Proyecto_Actividad 4\\task-manager-testing-lab\\src\\hooks\\useTaskList.ts": {"lines":{"total":13,"covered":13,"skipped":0,"pct":100},"functions":{"total":6,"covered":6,"skipped":0,"pct":100},"statements":{"total":16,"covered":16,"skipped":0,"pct":100},"branches":{"total":3,"covered":3,"skipped":0,"pct":100}}
,"C:\\Proyecto_Actividad 4\\task-manager-testing-lab\\src\\schemas\\taskSchema.ts": {"lines":{"total":2,"covered":0,"skipped":0,"pct":0},"functions":{"total":0,"covered":0,"skipped":0,"pct":100},"statements":{"total":2,"covered":0,"skipped":0,"pct":0},"branches":{"total":0,"covered":0,"skipped":0,"pct":100}}
,"C:\\Proyecto_Actividad 4\\task-manager-testing-lab\\src\\screens\\CreateTaskScreen.tsx": {"lines":{"total":8,"covered":5,"skipped":0,"pct":62.5},"functions":{"total":4,"covered":2,"skipped":0,"pct":50},"statements":{"total":10,"covered":6,"skipped":0,"pct":60},"branches":{"total":6,"covered":3,"skipped":0,"pct":50}}
,"C:\\Proyecto_Actividad 4\\task-manager-testing-lab\\src\\services\\taskService.ts": {"lines":{"total":5,"covered":2,"skipped":0,"pct":40},"functions":{"total":2,"covered":1,"skipped":0,"pct":50},"statements":{"total":6,"covered":2,"skipped":0,"pct":33.33},"branches":{"total":2,"covered":0,"skipped":0,"pct":0}}
,"C:\\Proyecto_Actividad 4\\task-manager-testing-lab\\src\\utils\\filterTasks.ts": {"lines":{"total":5,"covered":5,"skipped":0,"pct":100},"functions":{"total":2,"covered":2,"skipped":0,"pct":100},"statements":{"total":7,"covered":7,"skipped":0,"pct":100},"branches":{"total":4,"covered":4,"skipped":0,"pct":100}}
,"C:\\Proyecto_Actividad 4\\task-manager-testing-lab\\src\\utils\\validateTask.ts": {"lines":{"total":7,"covered":7,"skipped":0,"pct":100},"functions":{"total":1,"covered":1,"skipped":0,"pct":100},"statements":{"total":7,"covered":7,"skipped":0,"pct":100},"branches":{"total":8,"covered":8,"skipped":0,"pct":100}}
}
